<?xml version="1.0" encoding="UTF-8"?>
<testsuite xmlns:xsi="http://www.w3.org/2001/XMLSchema-instance" xsi:noNamespaceSchemaLocation="https://maven.apache.org/surefire/maven-surefire-plugin/xsd/surefire-test-report.xsd" name="com.credible.tools.MorseCode.backend.MorseCodeApplicationTests" time="0.247" tests="1" errors="0" skipped="0" failures="0">
  <properties>
    <property name="java.specification.version" value="14"/>
    <property name="sun.jnu.encoding" value="UTF-8"/>
    <property name="java.class.path" value="/Users/nikitafilippov/Projects/MorseCode/target/test-classes:/Users/nikitafilippov/Projects/MorseCode/target/classes:/Users/nikitafilippov/.m2/repository/com/vaadin/vaadin/14.2.1/vaadin-14.2.1.jar:/Users/nikitafilippov/.m2/repository/com/vaadin/vaadin-core/14.2.1/vaadin-core-14.2.1.jar:/Users/nikitafilippov/.m2/repository/com/vaadin/flow-server/2.2.1/flow-server-2.2.1.jar:/Users/nikitafilippov/.m2/repository/org/slf4j/slf4j-api/1.7.30/slf4j-api-1.7.30.jar:/Users/nikitafilippov/.m2/repository/com/vaadin/external/gwt/gwt-elemental/2.8.2.vaadin2/gwt-elemental-2.8.2.vaadin2.jar:/Users/nikitafilippov/.m2/repository/commons-fileupload/commons-fileupload/1.3.3/commons-fileupload-1.3.3.jar:/Users/nikitafilippov/.m2/repository/commons-io/commons-io/2.5/commons-io-2.5.jar:/Users/nikitafilippov/.m2/repository/org/jsoup/jsoup/1.12.1/jsoup-1.12.1.jar:/Users/nikitafilippov/.m2/repository/com/helger/ph-css/6.1.1/ph-css-6.1.1.jar:/Users/nikitafilippov/.m2/repository/com/helger/ph-commons/9.1.2/ph-commons-9.1.2.jar:/Users/nikitafilippov/.m2/repository/net/bytebuddy/byte-buddy/1.10.11/byte-buddy-1.10.11.jar:/Users/nikitafilippov/.m2/repository/com/vaadin/external/gentyref/1.2.0.vaadin1/gentyref-1.2.0.vaadin1.jar:/Users/nikitafilippov/.m2/repository/org/apache/commons/commons-compress/1.19/commons-compress-1.19.jar:/Users/nikitafilippov/.m2/repository/org/apache/httpcomponents/httpclient/4.5.12/httpclient-4.5.12.jar:/Users/nikitafilippov/.m2/repository/org/apache/httpcomponents/httpcore/4.4.13/httpcore-4.4.13.jar:/Users/nikitafilippov/.m2/repository/commons-codec/commons-codec/1.14/commons-codec-1.14.jar:/Users/nikitafilippov/.m2/repository/com/vaadin/flow-push/2.2.1/flow-push-2.2.1.jar:/Users/nikitafilippov/.m2/repository/com/vaadin/external/atmosphere/atmosphere-runtime/2.4.30.slf4jvaadin1/atmosphere-runtime-2.4.30.slf4jvaadin1.jar:/Users/nikitafilippov/.m2/repository/com/vaadin/flow-client/2.2.1/flow-client-2.2.1.jar:/Users/nikitafilippov/.m2/repository/com/vaadin/flow-html-components/2.2.1/flow-html-components-2.2.1.jar:/Users/nikitafilippov/.m2/repository/com/vaadin/flow-data/2.2.1/flow-data-2.2.1.jar:/Users/nikitafilippov/.m2/repository/javax/validation/validation-api/2.0.1.Final/validation-api-2.0.1.Final.jar:/Users/nikitafilippov/.m2/repository/com/vaadin/flow-dnd/2.2.1/flow-dnd-2.2.1.jar:/Users/nikitafilippov/.m2/repository/org/webjars/npm/vaadin__vaadin-mobile-drag-drop/1.0.0/vaadin__vaadin-mobile-drag-drop-1.0.0.jar:/Users/nikitafilippov/.m2/repository/org/webjars/npm/mobile-drag-drop/2.3.0-rc.1/mobile-drag-drop-2.3.0-rc.1.jar:/Users/nikitafilippov/.m2/repository/com/vaadin/vaadin-lumo-theme/2.2.1/vaadin-lumo-theme-2.2.1.jar:/Users/nikitafilippov/.m2/repository/com/vaadin/vaadin-material-theme/2.2.1/vaadin-material-theme-2.2.1.jar:/Users/nikitafilippov/.m2/repository/com/vaadin/vaadin-accordion-flow/2.0.0/vaadin-accordion-flow-2.0.0.jar:/Users/nikitafilippov/.m2/repository/org/webjars/bowergithub/vaadin/vaadin-accordion/1.0.1/vaadin-accordion-1.0.1.jar:/Users/nikitafilippov/.m2/repository/org/webjars/bowergithub/vaadin/vaadin-details/1.0.1/vaadin-details-1.0.1.jar:/Users/nikitafilippov/.m2/repository/com/vaadin/vaadin-button-flow/2.0.2/vaadin-button-flow-2.0.2.jar:/Users/nikitafilippov/.m2/repository/com/vaadin/vaadin-checkbox-flow/2.0.5/vaadin-checkbox-flow-2.0.5.jar:/Users/nikitafilippov/.m2/repository/com/vaadin/vaadin-combo-box-flow/3.0.10/vaadin-combo-box-flow-3.0.10.jar:/Users/nikitafilippov/.m2/repository/org/webjars/bowergithub/vaadin/vaadin-combo-box/5.0.11/vaadin-combo-box-5.0.11.jar:/Users/nikitafilippov/.m2/repository/org/webjars/bowergithub/polymerelements/iron-a11y-announcer/2.1.0/iron-a11y-announcer-2.1.0.jar:/Users/nikitafilippov/.m2/repository/org/webjars/bowergithub/polymerelements/iron-list/2.0.19/iron-list-2.0.19.jar:/Users/nikitafilippov/.m2/repository/org/webjars/bowergithub/polymerelements/iron-scroll-target-behavior/2.1.1/iron-scroll-target-behavior-2.1.1.jar:/Users/nikitafilippov/.m2/repository/org/webjars/bowergithub/polymerelements/iron-a11y-keys-behavior/2.1.1/iron-a11y-keys-behavior-2.1.1.jar:/Users/nikitafilippov/.m2/repository/org/webjars/bowergithub/polymerelements/iron-overlay-behavior/2.3.4/iron-overlay-behavior-2.3.4.jar:/Users/nikitafilippov/.m2/repository/org/webjars/bowergithub/polymerelements/iron-fit-behavior/2.2.1/iron-fit-behavior-2.2.1.jar:/Users/nikitafilippov/.m2/repository/com/vaadin/vaadin-custom-field-flow/3.0.4/vaadin-custom-field-flow-3.0.4.jar:/Users/nikitafilippov/.m2/repository/org/webjars/bowergithub/vaadin/vaadin-custom-field/1.0.11/vaadin-custom-field-1.0.11.jar:/Users/nikitafilippov/.m2/repository/com/vaadin/vaadin-date-picker-flow/2.0.8/vaadin-date-picker-flow-2.0.8.jar:/Users/nikitafilippov/.m2/repository/org/webjars/bowergithub/vaadin/vaadin-date-picker/4.0.8/vaadin-date-picker-4.0.8.jar:/Users/nikitafilippov/.m2/repository/com/vaadin/vaadin-date-time-picker-flow/1.0.0/vaadin-date-time-picker-flow-1.0.0.jar:/Users/nikitafilippov/.m2/repository/org/webjars/bowergithub/vaadin/vaadin-date-time-picker/1.0.0/vaadin-date-time-picker-1.0.0.jar:/Users/nikitafilippov/.m2/repository/org/webjars/bowergithub/vaadin/vaadin-time-picker/2.0.7/vaadin-time-picker-2.0.7.jar:/Users/nikitafilippov/.m2/repository/com/vaadin/vaadin-details-flow/2.0.0/vaadin-details-flow-2.0.0.jar:/Users/nikitafilippov/.m2/repository/com/vaadin/vaadin-time-picker-flow/2.1.0/vaadin-time-picker-flow-2.1.0.jar:/Users/nikitafilippov/.m2/repository/com/vaadin/vaadin-select-flow/2.0.3/vaadin-select-flow-2.0.3.jar:/Users/nikitafilippov/.m2/repository/com/vaadin/vaadin-dialog-flow/2.1.0/vaadin-dialog-flow-2.1.0.jar:/Users/nikitafilippov/.m2/repository/com/vaadin/vaadin-form-layout-flow/2.0.3/vaadin-form-layout-flow-2.0.3.jar:/Users/nikitafilippov/.m2/repository/com/vaadin/vaadin-grid-flow/4.1.4/vaadin-grid-flow-4.1.4.jar:/Users/nikitafilippov/.m2/repository/org/webjars/bowergithub/vaadin/vaadin-grid/5.5.3/vaadin-grid-5.5.3.jar:/Users/nikitafilippov/.m2/repository/org/apache/commons/commons-lang3/3.10/commons-lang3-3.10.jar:/Users/nikitafilippov/.m2/repository/com/vaadin/vaadin-icons-flow/2.0.3/vaadin-icons-flow-2.0.3.jar:/Users/nikitafilippov/.m2/repository/org/webjars/bowergithub/vaadin/vaadin-icons/4.3.1/vaadin-icons-4.3.1.jar:/Users/nikitafilippov/.m2/repository/com/vaadin/vaadin-iron-list-flow/2.0.0/vaadin-iron-list-flow-2.0.0.jar:/Users/nikitafilippov/.m2/repository/com/vaadin/vaadin-list-box-flow/2.1.1/vaadin-list-box-flow-2.1.1.jar:/Users/nikitafilippov/.m2/repository/com/vaadin/vaadin-login-flow/2.0.0/vaadin-login-flow-2.0.0.jar:/Users/nikitafilippov/.m2/repository/org/webjars/bowergithub/vaadin/vaadin-login/1.0.1/vaadin-login-1.0.1.jar:/Users/nikitafilippov/.m2/repository/com/vaadin/vaadin-ordered-layout-flow/2.1.0/vaadin-ordered-layout-flow-2.1.0.jar:/Users/nikitafilippov/.m2/repository/org/webjars/bowergithub/vaadin/vaadin-ordered-layout/1.2.0/vaadin-ordered-layout-1.2.0.jar:/Users/nikitafilippov/.m2/repository/com/vaadin/vaadin-progress-bar-flow/2.0.2/vaadin-progress-bar-flow-2.0.2.jar:/Users/nikitafilippov/.m2/repository/org/webjars/bowergithub/vaadin/vaadin-progress-bar/1.1.2/vaadin-progress-bar-1.1.2.jar:/Users/nikitafilippov/.m2/repository/com/vaadin/vaadin-radio-button-flow/2.0.4/vaadin-radio-button-flow-2.0.4.jar:/Users/nikitafilippov/.m2/repository/org/webjars/bowergithub/vaadin/vaadin-radio-button/1.2.6/vaadin-radio-button-1.2.6.jar:/Users/nikitafilippov/.m2/repository/com/vaadin/vaadin-split-layout-flow/2.0.3/vaadin-split-layout-flow-2.0.3.jar:/Users/nikitafilippov/.m2/repository/org/webjars/bowergithub/vaadin/vaadin-split-layout/4.1.1/vaadin-split-layout-4.1.1.jar:/Users/nikitafilippov/.m2/repository/com/vaadin/vaadin-tabs-flow/2.0.4/vaadin-tabs-flow-2.0.4.jar:/Users/nikitafilippov/.m2/repository/org/webjars/bowergithub/vaadin/vaadin-tabs/3.0.5/vaadin-tabs-3.0.5.jar:/Users/nikitafilippov/.m2/repository/com/vaadin/vaadin-text-field-flow/2.1.1/vaadin-text-field-flow-2.1.1.jar:/Users/nikitafilippov/.m2/repository/com/vaadin/vaadin-upload-flow/2.1.0/vaadin-upload-flow-2.1.0.jar:/Users/nikitafilippov/.m2/repository/org/webjars/bowergithub/vaadin/vaadin-upload/4.2.2/vaadin-upload-4.2.2.jar:/Users/nikitafilippov/.m2/repository/com/vaadin/vaadin-notification-flow/2.0.0/vaadin-notification-flow-2.0.0.jar:/Users/nikitafilippov/.m2/repository/org/webjars/bowergithub/vaadin/vaadin-notification/1.4.0/vaadin-notification-1.4.0.jar:/Users/nikitafilippov/.m2/repository/com/vaadin/vaadin-app-layout-flow/2.0.5/vaadin-app-layout-flow-2.0.5.jar:/Users/nikitafilippov/.m2/repository/org/webjars/bowergithub/vaadin/vaadin-app-layout/2.0.5/vaadin-app-layout-2.0.5.jar:/Users/nikitafilippov/.m2/repository/com/vaadin/vaadin-context-menu-flow/3.1.2/vaadin-context-menu-flow-3.1.2.jar:/Users/nikitafilippov/.m2/repository/org/webjars/bowergithub/vaadin/vaadin-context-menu/4.3.15/vaadin-context-menu-4.3.15.jar:/Users/nikitafilippov/.m2/repository/com/vaadin/vaadin-menu-bar-flow/1.0.3/vaadin-menu-bar-flow-1.0.3.jar:/Users/nikitafilippov/.m2/repository/org/webjars/bowergithub/vaadin/vaadin-menu-bar/1.0.5/vaadin-menu-bar-1.0.5.jar:/Users/nikitafilippov/.m2/repository/com/vaadin/vaadin-board-flow/3.0.1/vaadin-board-flow-3.0.1.jar:/Users/nikitafilippov/.m2/repository/com/vaadin/webjar/vaadin-board/2.1.1/vaadin-board-2.1.1.jar:/Users/nikitafilippov/.m2/repository/org/webjars/bowergithub/vaadin/license-checker/2.1.2/license-checker-2.1.2.jar:/Users/nikitafilippov/.m2/repository/org/webjars/bowergithub/polymerelements/iron-resizable-behavior/2.1.1/iron-resizable-behavior-2.1.1.jar:/Users/nikitafilippov/.m2/repository/org/webjars/bowergithub/polymer/polymer/2.7.0/polymer-2.7.0.jar:/Users/nikitafilippov/.m2/repository/org/webjars/bowergithub/webcomponents/webcomponentsjs/1.2.6/webcomponentsjs-1.2.6.jar:/Users/nikitafilippov/.m2/repository/org/webjars/bowergithub/webcomponents/shadycss/1.8.0/shadycss-1.8.0.jar:/Users/nikitafilippov/.m2/repository/org/webjars/bowergithub/vaadin/vaadin-element-mixin/2.2.0/vaadin-element-mixin-2.2.0.jar:/Users/nikitafilippov/.m2/repository/org/webjars/bowergithub/vaadin/vaadin-usage-statistics/2.1.0/vaadin-usage-statistics-2.1.0.jar:/Users/nikitafilippov/.m2/repository/org/webjars/bowergithub/vaadin/vaadin-development-mode-detector/2.0.4/vaadin-development-mode-detector-2.0.4.jar:/Users/nikitafilippov/.m2/repository/com/vaadin/vaadin-charts-flow/7.0.2/vaadin-charts-flow-7.0.2.jar:/Users/nikitafilippov/.m2/repository/com/vaadin/webjar/vaadin-charts/6.2.4/vaadin-charts-6.2.4.jar:/Users/nikitafilippov/.m2/repository/org/webjars/bowergithub/vaadin/vaadin-themable-mixin/1.5.2/vaadin-themable-mixin-1.5.2.jar:/Users/nikitafilippov/.m2/repository/com/fasterxml/jackson/core/jackson-databind/2.11.0/jackson-databind-2.11.0.jar:/Users/nikitafilippov/.m2/repository/com/fasterxml/jackson/core/jackson-annotations/2.11.0/jackson-annotations-2.11.0.jar:/Users/nikitafilippov/.m2/repository/com/fasterxml/jackson/core/jackson-core/2.11.0/jackson-core-2.11.0.jar:/Users/nikitafilippov/.m2/repository/com/vaadin/vaadin-confirm-dialog-flow/2.0.4/vaadin-confirm-dialog-flow-2.0.4.jar:/Users/nikitafilippov/.m2/repository/com/vaadin/webjar/vaadin-confirm-dialog/1.1.6/vaadin-confirm-dialog-1.1.6.jar:/Users/nikitafilippov/.m2/repository/org/webjars/bowergithub/vaadin/vaadin-lumo-styles/1.5.0/vaadin-lumo-styles-1.5.0.jar:/Users/nikitafilippov/.m2/repository/org/webjars/bowergithub/vaadin/vaadin-material-styles/1.2.3/vaadin-material-styles-1.2.3.jar:/Users/nikitafilippov/.m2/repository/org/webjars/bowergithub/vaadin/vaadin-button/2.2.2/vaadin-button-2.2.2.jar:/Users/nikitafilippov/.m2/repository/org/webjars/bowergithub/vaadin/vaadin-control-state-mixin/2.1.3/vaadin-control-state-mixin-2.1.3.jar:/Users/nikitafilippov/.m2/repository/org/webjars/bowergithub/vaadin/vaadin-dialog/2.3.0/vaadin-dialog-2.3.0.jar:/Users/nikitafilippov/.m2/repository/org/webjars/bowergithub/vaadin/vaadin-overlay/3.3.2/vaadin-overlay-3.3.2.jar:/Users/nikitafilippov/.m2/repository/org/webjars/bowergithub/polymerelements/iron-icon/2.1.0/iron-icon-2.1.0.jar:/Users/nikitafilippov/.m2/repository/org/webjars/bowergithub/polymerelements/iron-meta/2.1.1/iron-meta-2.1.1.jar:/Users/nikitafilippov/.m2/repository/org/webjars/bowergithub/polymerelements/iron-iconset-svg/2.2.1/iron-iconset-svg-2.2.1.jar:/Users/nikitafilippov/.m2/repository/org/webjars/bowergithub/polymerelements/iron-flex-layout/2.0.3/iron-flex-layout-2.0.3.jar:/Users/nikitafilippov/.m2/repository/com/vaadin/vaadin-cookie-consent-flow/2.0.2/vaadin-cookie-consent-flow-2.0.2.jar:/Users/nikitafilippov/.m2/repository/com/vaadin/webjar/vaadin-cookie-consent/1.1.2/vaadin-cookie-consent-1.1.2.jar:/Users/nikitafilippov/.m2/repository/org/webjars/bowergithub/osano/cookieconsent/3.1.0/cookieconsent-3.1.0.jar:/Users/nikitafilippov/.m2/repository/org/webjars/bowergithub/insites/cookieconsent/3.1.0/cookieconsent-3.1.0.jar:/Users/nikitafilippov/.m2/repository/com/vaadin/vaadin-crud-flow/2.1.3/vaadin-crud-flow-2.1.3.jar:/Users/nikitafilippov/.m2/repository/com/vaadin/webjar/vaadin-crud/1.1.0/vaadin-crud-1.1.0.jar:/Users/nikitafilippov/.m2/repository/org/webjars/bowergithub/polymerelements/iron-media-query/2.1.0/iron-media-query-2.1.0.jar:/Users/nikitafilippov/.m2/repository/org/webjars/bowergithub/vaadin/vaadin-form-layout/2.1.7/vaadin-form-layout-2.1.7.jar:/Users/nikitafilippov/.m2/repository/com/vaadin/vaadin-grid-pro-flow/2.0.4/vaadin-grid-pro-flow-2.0.4.jar:/Users/nikitafilippov/.m2/repository/com/vaadin/webjar/vaadin-grid-pro/2.0.7/vaadin-grid-pro-2.0.7.jar:/Users/nikitafilippov/.m2/repository/org/webjars/bowergithub/vaadin/vaadin-list-box/1.2.0/vaadin-list-box-1.2.0.jar:/Users/nikitafilippov/.m2/repository/org/webjars/bowergithub/vaadin/vaadin-text-field/2.5.5/vaadin-text-field-2.5.5.jar:/Users/nikitafilippov/.m2/repository/org/webjars/bowergithub/vaadin/vaadin-select/2.1.7/vaadin-select-2.1.7.jar:/Users/nikitafilippov/.m2/repository/org/webjars/bowergithub/vaadin/vaadin-item/2.1.1/vaadin-item-2.1.1.jar:/Users/nikitafilippov/.m2/repository/org/webjars/bowergithub/vaadin/vaadin-list-mixin/2.3.1/vaadin-list-mixin-2.3.1.jar:/Users/nikitafilippov/.m2/repository/org/webjars/bowergithub/vaadin/vaadin-checkbox/2.2.13/vaadin-checkbox-2.2.13.jar:/Users/nikitafilippov/.m2/repository/com/vaadin/vaadin-rich-text-editor-flow/2.1.1/vaadin-rich-text-editor-flow-2.1.1.jar:/Users/nikitafilippov/.m2/repository/com/vaadin/webjar/vaadin-rich-text-editor/1.1.1/vaadin-rich-text-editor-1.1.1.jar:/Users/nikitafilippov/.m2/repository/com/vaadin/vaadin-spring-boot-starter/14.2.1/vaadin-spring-boot-starter-14.2.1.jar:/Users/nikitafilippov/.m2/repository/com/vaadin/vaadin-spring/12.2.0/vaadin-spring-12.2.0.jar:/Users/nikitafilippov/.m2/repository/org/springframework/spring-webmvc/5.2.7.RELEASE/spring-webmvc-5.2.7.RELEASE.jar:/Users/nikitafilippov/.m2/repository/org/springframework/spring-aop/5.2.7.RELEASE/spring-aop-5.2.7.RELEASE.jar:/Users/nikitafilippov/.m2/repository/org/springframework/spring-beans/5.2.7.RELEASE/spring-beans-5.2.7.RELEASE.jar:/Users/nikitafilippov/.m2/repository/org/springframework/spring-context/5.2.7.RELEASE/spring-context-5.2.7.RELEASE.jar:/Users/nikitafilippov/.m2/repository/org/springframework/spring-core/5.2.7.RELEASE/spring-core-5.2.7.RELEASE.jar:/Users/nikitafilippov/.m2/repository/org/springframework/spring-jcl/5.2.7.RELEASE/spring-jcl-5.2.7.RELEASE.jar:/Users/nikitafilippov/.m2/repository/org/springframework/spring-expression/5.2.7.RELEASE/spring-expression-5.2.7.RELEASE.jar:/Users/nikitafilippov/.m2/repository/org/springframework/spring-websocket/5.2.7.RELEASE/spring-websocket-5.2.7.RELEASE.jar:/Users/nikitafilippov/.m2/repository/org/springframework/boot/spring-boot-starter-web/2.3.1.RELEASE/spring-boot-starter-web-2.3.1.RELEASE.jar:/Users/nikitafilippov/.m2/repository/org/springframework/boot/spring-boot-starter/2.3.1.RELEASE/spring-boot-starter-2.3.1.RELEASE.jar:/Users/nikitafilippov/.m2/repository/org/springframework/boot/spring-boot/2.3.1.RELEASE/spring-boot-2.3.1.RELEASE.jar:/Users/nikitafilippov/.m2/repository/org/springframework/boot/spring-boot-autoconfigure/2.3.1.RELEASE/spring-boot-autoconfigure-2.3.1.RELEASE.jar:/Users/nikitafilippov/.m2/repository/org/springframework/boot/spring-boot-starter-logging/2.3.1.RELEASE/spring-boot-starter-logging-2.3.1.RELEASE.jar:/Users/nikitafilippov/.m2/repository/ch/qos/logback/logback-classic/1.2.3/logback-classic-1.2.3.jar:/Users/nikitafilippov/.m2/repository/ch/qos/logback/logback-core/1.2.3/logback-core-1.2.3.jar:/Users/nikitafilippov/.m2/repository/org/apache/logging/log4j/log4j-to-slf4j/2.13.3/log4j-to-slf4j-2.13.3.jar:/Users/nikitafilippov/.m2/repository/org/apache/logging/log4j/log4j-api/2.13.3/log4j-api-2.13.3.jar:/Users/nikitafilippov/.m2/repository/org/slf4j/jul-to-slf4j/1.7.30/jul-to-slf4j-1.7.30.jar:/Users/nikitafilippov/.m2/repository/jakarta/annotation/jakarta.annotation-api/1.3.5/jakarta.annotation-api-1.3.5.jar:/Users/nikitafilippov/.m2/repository/org/yaml/snakeyaml/1.26/snakeyaml-1.26.jar:/Users/nikitafilippov/.m2/repository/org/springframework/boot/spring-boot-starter-json/2.3.1.RELEASE/spring-boot-starter-json-2.3.1.RELEASE.jar:/Users/nikitafilippov/.m2/repository/com/fasterxml/jackson/datatype/jackson-datatype-jdk8/2.11.0/jackson-datatype-jdk8-2.11.0.jar:/Users/nikitafilippov/.m2/repository/com/fasterxml/jackson/datatype/jackson-datatype-jsr310/2.11.0/jackson-datatype-jsr310-2.11.0.jar:/Users/nikitafilippov/.m2/repository/com/fasterxml/jackson/module/jackson-module-parameter-names/2.11.0/jackson-module-parameter-names-2.11.0.jar:/Users/nikitafilippov/.m2/repository/org/springframework/boot/spring-boot-starter-tomcat/2.3.1.RELEASE/spring-boot-starter-tomcat-2.3.1.RELEASE.jar:/Users/nikitafilippov/.m2/repository/org/apache/tomcat/embed/tomcat-embed-core/9.0.36/tomcat-embed-core-9.0.36.jar:/Users/nikitafilippov/.m2/repository/org/glassfish/jakarta.el/3.0.3/jakarta.el-3.0.3.jar:/Users/nikitafilippov/.m2/repository/org/apache/tomcat/embed/tomcat-embed-websocket/9.0.36/tomcat-embed-websocket-9.0.36.jar:/Users/nikitafilippov/.m2/repository/org/springframework/spring-web/5.2.7.RELEASE/spring-web-5.2.7.RELEASE.jar:/Users/nikitafilippov/.m2/repository/com/itextpdf/itextpdf/5.5.10/itextpdf-5.5.10.jar:/Users/nikitafilippov/.m2/repository/com/itextpdf/tool/xmlworker/5.5.10/xmlworker-5.5.10.jar:/Users/nikitafilippov/.m2/repository/junit/junit/4.12/junit-4.12.jar:/Users/nikitafilippov/.m2/repository/org/hamcrest/hamcrest-core/2.2/hamcrest-core-2.2.jar:/Users/nikitafilippov/.m2/repository/org/hamcrest/hamcrest/2.2/hamcrest-2.2.jar:/Users/nikitafilippov/.m2/repository/com/vaadin/flow-server-production-mode/2.2.1/flow-server-production-mode-2.2.1.jar:"/>
    <property name="java.vm.vendor" value="Oracle Corporation"/>
    <property name="sun.arch.data.model" value="64"/>
    <property name="java.vendor.url" value="https://java.oracle.com/"/>
    <property name="os.name" value="Mac OS X"/>
    <property name="java.vm.specification.version" value="14"/>
    <property name="sun.java.launcher" value="SUN_STANDARD"/>
    <property name="user.country" value="US"/>
    <property name="sun.boot.library.path" value="/Library/Java/JavaVirtualMachines/jdk-14.0.1.jdk/Contents/Home/lib"/>
    <property name="sun.java.command" value="/Users/nikitafilippov/Projects/MorseCode/target/surefire/surefirebooter1516142272406207391.jar /Users/nikitafilippov/Projects/MorseCode/target/surefire 2021-03-02T10-36-18_819-jvmRun1 surefire2845451904150294067tmp surefire_04015607165038488131tmp"/>
    <property name="http.nonProxyHosts" value="local|*.local|169.254/16|*.169.254/16"/>
    <property name="jdk.debug" value="release"/>
    <property name="surefire.test.class.path" value="/Users/nikitafilippov/Projects/MorseCode/target/test-classes:/Users/nikitafilippov/Projects/MorseCode/target/classes:/Users/nikitafilippov/.m2/repository/com/vaadin/vaadin/14.2.1/vaadin-14.2.1.jar:/Users/nikitafilippov/.m2/repository/com/vaadin/vaadin-core/14.2.1/vaadin-core-14.2.1.jar:/Users/nikitafilippov/.m2/repository/com/vaadin/flow-server/2.2.1/flow-server-2.2.1.jar:/Users/nikitafilippov/.m2/repository/org/slf4j/slf4j-api/1.7.30/slf4j-api-1.7.30.jar:/Users/nikitafilippov/.m2/repository/com/vaadin/external/gwt/gwt-elemental/2.8.2.vaadin2/gwt-elemental-2.8.2.vaadin2.jar:/Users/nikitafilippov/.m2/repository/commons-fileupload/commons-fileupload/1.3.3/commons-fileupload-1.3.3.jar:/Users/nikitafilippov/.m2/repository/commons-io/commons-io/2.5/commons-io-2.5.jar:/Users/nikitafilippov/.m2/repository/org/jsoup/jsoup/1.12.1/jsoup-1.12.1.jar:/Users/nikitafilippov/.m2/repository/com/helger/ph-css/6.1.1/ph-css-6.1.1.jar:/Users/nikitafilippov/.m2/repository/com/helger/ph-commons/9.1.2/ph-commons-9.1.2.jar:/Users/nikitafilippov/.m2/repository/net/bytebuddy/byte-buddy/1.10.11/byte-buddy-1.10.11.jar:/Users/nikitafilippov/.m2/repository/com/vaadin/external/gentyref/1.2.0.vaadin1/gentyref-1.2.0.vaadin1.jar:/Users/nikitafilippov/.m2/repository/org/apache/commons/commons-compress/1.19/commons-compress-1.19.jar:/Users/nikitafilippov/.m2/repository/org/apache/httpcomponents/httpclient/4.5.12/httpclient-4.5.12.jar:/Users/nikitafilippov/.m2/repository/org/apache/httpcomponents/httpcore/4.4.13/httpcore-4.4.13.jar:/Users/nikitafilippov/.m2/repository/commons-codec/commons-codec/1.14/commons-codec-1.14.jar:/Users/nikitafilippov/.m2/repository/com/vaadin/flow-push/2.2.1/flow-push-2.2.1.jar:/Users/nikitafilippov/.m2/repository/com/vaadin/external/atmosphere/atmosphere-runtime/2.4.30.slf4jvaadin1/atmosphere-runtime-2.4.30.slf4jvaadin1.jar:/Users/nikitafilippov/.m2/repository/com/vaadin/flow-client/2.2.1/flow-client-2.2.1.jar:/Users/nikitafilippov/.m2/repository/com/vaadin/flow-html-components/2.2.1/flow-html-components-2.2.1.jar:/Users/nikitafilippov/.m2/repository/com/vaadin/flow-data/2.2.1/flow-data-2.2.1.jar:/Users/nikitafilippov/.m2/repository/javax/validation/validation-api/2.0.1.Final/validation-api-2.0.1.Final.jar:/Users/nikitafilippov/.m2/repository/com/vaadin/flow-dnd/2.2.1/flow-dnd-2.2.1.jar:/Users/nikitafilippov/.m2/repository/org/webjars/npm/vaadin__vaadin-mobile-drag-drop/1.0.0/vaadin__vaadin-mobile-drag-drop-1.0.0.jar:/Users/nikitafilippov/.m2/repository/org/webjars/npm/mobile-drag-drop/2.3.0-rc.1/mobile-drag-drop-2.3.0-rc.1.jar:/Users/nikitafilippov/.m2/repository/com/vaadin/vaadin-lumo-theme/2.2.1/vaadin-lumo-theme-2.2.1.jar:/Users/nikitafilippov/.m2/repository/com/vaadin/vaadin-material-theme/2.2.1/vaadin-material-theme-2.2.1.jar:/Users/nikitafilippov/.m2/repository/com/vaadin/vaadin-accordion-flow/2.0.0/vaadin-accordion-flow-2.0.0.jar:/Users/nikitafilippov/.m2/repository/org/webjars/bowergithub/vaadin/vaadin-accordion/1.0.1/vaadin-accordion-1.0.1.jar:/Users/nikitafilippov/.m2/repository/org/webjars/bowergithub/vaadin/vaadin-details/1.0.1/vaadin-details-1.0.1.jar:/Users/nikitafilippov/.m2/repository/com/vaadin/vaadin-button-flow/2.0.2/vaadin-button-flow-2.0.2.jar:/Users/nikitafilippov/.m2/repository/com/vaadin/vaadin-checkbox-flow/2.0.5/vaadin-checkbox-flow-2.0.5.jar:/Users/nikitafilippov/.m2/repository/com/vaadin/vaadin-combo-box-flow/3.0.10/vaadin-combo-box-flow-3.0.10.jar:/Users/nikitafilippov/.m2/repository/org/webjars/bowergithub/vaadin/vaadin-combo-box/5.0.11/vaadin-combo-box-5.0.11.jar:/Users/nikitafilippov/.m2/repository/org/webjars/bowergithub/polymerelements/iron-a11y-announcer/2.1.0/iron-a11y-announcer-2.1.0.jar:/Users/nikitafilippov/.m2/repository/org/webjars/bowergithub/polymerelements/iron-list/2.0.19/iron-list-2.0.19.jar:/Users/nikitafilippov/.m2/repository/org/webjars/bowergithub/polymerelements/iron-scroll-target-behavior/2.1.1/iron-scroll-target-behavior-2.1.1.jar:/Users/nikitafilippov/.m2/repository/org/webjars/bowergithub/polymerelements/iron-a11y-keys-behavior/2.1.1/iron-a11y-keys-behavior-2.1.1.jar:/Users/nikitafilippov/.m2/repository/org/webjars/bowergithub/polymerelements/iron-overlay-behavior/2.3.4/iron-overlay-behavior-2.3.4.jar:/Users/nikitafilippov/.m2/repository/org/webjars/bowergithub/polymerelements/iron-fit-behavior/2.2.1/iron-fit-behavior-2.2.1.jar:/Users/nikitafilippov/.m2/repository/com/vaadin/vaadin-custom-field-flow/3.0.4/vaadin-custom-field-flow-3.0.4.jar:/Users/nikitafilippov/.m2/repository/org/webjars/bowergithub/vaadin/vaadin-custom-field/1.0.11/vaadin-custom-field-1.0.11.jar:/Users/nikitafilippov/.m2/repository/com/vaadin/vaadin-date-picker-flow/2.0.8/vaadin-date-picker-flow-2.0.8.jar:/Users/nikitafilippov/.m2/repository/org/webjars/bowergithub/vaadin/vaadin-date-picker/4.0.8/vaadin-date-picker-4.0.8.jar:/Users/nikitafilippov/.m2/repository/com/vaadin/vaadin-date-time-picker-flow/1.0.0/vaadin-date-time-picker-flow-1.0.0.jar:/Users/nikitafilippov/.m2/repository/org/webjars/bowergithub/vaadin/vaadin-date-time-picker/1.0.0/vaadin-date-time-picker-1.0.0.jar:/Users/nikitafilippov/.m2/repository/org/webjars/bowergithub/vaadin/vaadin-time-picker/2.0.7/vaadin-time-picker-2.0.7.jar:/Users/nikitafilippov/.m2/repository/com/vaadin/vaadin-details-flow/2.0.0/vaadin-details-flow-2.0.0.jar:/Users/nikitafilippov/.m2/repository/com/vaadin/vaadin-time-picker-flow/2.1.0/vaadin-time-picker-flow-2.1.0.jar:/Users/nikitafilippov/.m2/repository/com/vaadin/vaadin-select-flow/2.0.3/vaadin-select-flow-2.0.3.jar:/Users/nikitafilippov/.m2/repository/com/vaadin/vaadin-dialog-flow/2.1.0/vaadin-dialog-flow-2.1.0.jar:/Users/nikitafilippov/.m2/repository/com/vaadin/vaadin-form-layout-flow/2.0.3/vaadin-form-layout-flow-2.0.3.jar:/Users/nikitafilippov/.m2/repository/com/vaadin/vaadin-grid-flow/4.1.4/vaadin-grid-flow-4.1.4.jar:/Users/nikitafilippov/.m2/repository/org/webjars/bowergithub/vaadin/vaadin-grid/5.5.3/vaadin-grid-5.5.3.jar:/Users/nikitafilippov/.m2/repository/org/apache/commons/commons-lang3/3.10/commons-lang3-3.10.jar:/Users/nikitafilippov/.m2/repository/com/vaadin/vaadin-icons-flow/2.0.3/vaadin-icons-flow-2.0.3.jar:/Users/nikitafilippov/.m2/repository/org/webjars/bowergithub/vaadin/vaadin-icons/4.3.1/vaadin-icons-4.3.1.jar:/Users/nikitafilippov/.m2/repository/com/vaadin/vaadin-iron-list-flow/2.0.0/vaadin-iron-list-flow-2.0.0.jar:/Users/nikitafilippov/.m2/repository/com/vaadin/vaadin-list-box-flow/2.1.1/vaadin-list-box-flow-2.1.1.jar:/Users/nikitafilippov/.m2/repository/com/vaadin/vaadin-login-flow/2.0.0/vaadin-login-flow-2.0.0.jar:/Users/nikitafilippov/.m2/repository/org/webjars/bowergithub/vaadin/vaadin-login/1.0.1/vaadin-login-1.0.1.jar:/Users/nikitafilippov/.m2/repository/com/vaadin/vaadin-ordered-layout-flow/2.1.0/vaadin-ordered-layout-flow-2.1.0.jar:/Users/nikitafilippov/.m2/repository/org/webjars/bowergithub/vaadin/vaadin-ordered-layout/1.2.0/vaadin-ordered-layout-1.2.0.jar:/Users/nikitafilippov/.m2/repository/com/vaadin/vaadin-progress-bar-flow/2.0.2/vaadin-progress-bar-flow-2.0.2.jar:/Users/nikitafilippov/.m2/repository/org/webjars/bowergithub/vaadin/vaadin-progress-bar/1.1.2/vaadin-progress-bar-1.1.2.jar:/Users/nikitafilippov/.m2/repository/com/vaadin/vaadin-radio-button-flow/2.0.4/vaadin-radio-button-flow-2.0.4.jar:/Users/nikitafilippov/.m2/repository/org/webjars/bowergithub/vaadin/vaadin-radio-button/1.2.6/vaadin-radio-button-1.2.6.jar:/Users/nikitafilippov/.m2/repository/com/vaadin/vaadin-split-layout-flow/2.0.3/vaadin-split-layout-flow-2.0.3.jar:/Users/nikitafilippov/.m2/repository/org/webjars/bowergithub/vaadin/vaadin-split-layout/4.1.1/vaadin-split-layout-4.1.1.jar:/Users/nikitafilippov/.m2/repository/com/vaadin/vaadin-tabs-flow/2.0.4/vaadin-tabs-flow-2.0.4.jar:/Users/nikitafilippov/.m2/repository/org/webjars/bowergithub/vaadin/vaadin-tabs/3.0.5/vaadin-tabs-3.0.5.jar:/Users/nikitafilippov/.m2/repository/com/vaadin/vaadin-text-field-flow/2.1.1/vaadin-text-field-flow-2.1.1.jar:/Users/nikitafilippov/.m2/repository/com/vaadin/vaadin-upload-flow/2.1.0/vaadin-upload-flow-2.1.0.jar:/Users/nikitafilippov/.m2/repository/org/webjars/bowergithub/vaadin/vaadin-upload/4.2.2/vaadin-upload-4.2.2.jar:/Users/nikitafilippov/.m2/repository/com/vaadin/vaadin-notification-flow/2.0.0/vaadin-notification-flow-2.0.0.jar:/Users/nikitafilippov/.m2/repository/org/webjars/bowergithub/vaadin/vaadin-notification/1.4.0/vaadin-notification-1.4.0.jar:/Users/nikitafilippov/.m2/repository/com/vaadin/vaadin-app-layout-flow/2.0.5/vaadin-app-layout-flow-2.0.5.jar:/Users/nikitafilippov/.m2/repository/org/webjars/bowergithub/vaadin/vaadin-app-layout/2.0.5/vaadin-app-layout-2.0.5.jar:/Users/nikitafilippov/.m2/repository/com/vaadin/vaadin-context-menu-flow/3.1.2/vaadin-context-menu-flow-3.1.2.jar:/Users/nikitafilippov/.m2/repository/org/webjars/bowergithub/vaadin/vaadin-context-menu/4.3.15/vaadin-context-menu-4.3.15.jar:/Users/nikitafilippov/.m2/repository/com/vaadin/vaadin-menu-bar-flow/1.0.3/vaadin-menu-bar-flow-1.0.3.jar:/Users/nikitafilippov/.m2/repository/org/webjars/bowergithub/vaadin/vaadin-menu-bar/1.0.5/vaadin-menu-bar-1.0.5.jar:/Users/nikitafilippov/.m2/repository/com/vaadin/vaadin-board-flow/3.0.1/vaadin-board-flow-3.0.1.jar:/Users/nikitafilippov/.m2/repository/com/vaadin/webjar/vaadin-board/2.1.1/vaadin-board-2.1.1.jar:/Users/nikitafilippov/.m2/repository/org/webjars/bowergithub/vaadin/license-checker/2.1.2/license-checker-2.1.2.jar:/Users/nikitafilippov/.m2/repository/org/webjars/bowergithub/polymerelements/iron-resizable-behavior/2.1.1/iron-resizable-behavior-2.1.1.jar:/Users/nikitafilippov/.m2/repository/org/webjars/bowergithub/polymer/polymer/2.7.0/polymer-2.7.0.jar:/Users/nikitafilippov/.m2/repository/org/webjars/bowergithub/webcomponents/webcomponentsjs/1.2.6/webcomponentsjs-1.2.6.jar:/Users/nikitafilippov/.m2/repository/org/webjars/bowergithub/webcomponents/shadycss/1.8.0/shadycss-1.8.0.jar:/Users/nikitafilippov/.m2/repository/org/webjars/bowergithub/vaadin/vaadin-element-mixin/2.2.0/vaadin-element-mixin-2.2.0.jar:/Users/nikitafilippov/.m2/repository/org/webjars/bowergithub/vaadin/vaadin-usage-statistics/2.1.0/vaadin-usage-statistics-2.1.0.jar:/Users/nikitafilippov/.m2/repository/org/webjars/bowergithub/vaadin/vaadin-development-mode-detector/2.0.4/vaadin-development-mode-detector-2.0.4.jar:/Users/nikitafilippov/.m2/repository/com/vaadin/vaadin-charts-flow/7.0.2/vaadin-charts-flow-7.0.2.jar:/Users/nikitafilippov/.m2/repository/com/vaadin/webjar/vaadin-charts/6.2.4/vaadin-charts-6.2.4.jar:/Users/nikitafilippov/.m2/repository/org/webjars/bowergithub/vaadin/vaadin-themable-mixin/1.5.2/vaadin-themable-mixin-1.5.2.jar:/Users/nikitafilippov/.m2/repository/com/fasterxml/jackson/core/jackson-databind/2.11.0/jackson-databind-2.11.0.jar:/Users/nikitafilippov/.m2/repository/com/fasterxml/jackson/core/jackson-annotations/2.11.0/jackson-annotations-2.11.0.jar:/Users/nikitafilippov/.m2/repository/com/fasterxml/jackson/core/jackson-core/2.11.0/jackson-core-2.11.0.jar:/Users/nikitafilippov/.m2/repository/com/vaadin/vaadin-confirm-dialog-flow/2.0.4/vaadin-confirm-dialog-flow-2.0.4.jar:/Users/nikitafilippov/.m2/repository/com/vaadin/webjar/vaadin-confirm-dialog/1.1.6/vaadin-confirm-dialog-1.1.6.jar:/Users/nikitafilippov/.m2/repository/org/webjars/bowergithub/vaadin/vaadin-lumo-styles/1.5.0/vaadin-lumo-styles-1.5.0.jar:/Users/nikitafilippov/.m2/repository/org/webjars/bowergithub/vaadin/vaadin-material-styles/1.2.3/vaadin-material-styles-1.2.3.jar:/Users/nikitafilippov/.m2/repository/org/webjars/bowergithub/vaadin/vaadin-button/2.2.2/vaadin-button-2.2.2.jar:/Users/nikitafilippov/.m2/repository/org/webjars/bowergithub/vaadin/vaadin-control-state-mixin/2.1.3/vaadin-control-state-mixin-2.1.3.jar:/Users/nikitafilippov/.m2/repository/org/webjars/bowergithub/vaadin/vaadin-dialog/2.3.0/vaadin-dialog-2.3.0.jar:/Users/nikitafilippov/.m2/repository/org/webjars/bowergithub/vaadin/vaadin-overlay/3.3.2/vaadin-overlay-3.3.2.jar:/Users/nikitafilippov/.m2/repository/org/webjars/bowergithub/polymerelements/iron-icon/2.1.0/iron-icon-2.1.0.jar:/Users/nikitafilippov/.m2/repository/org/webjars/bowergithub/polymerelements/iron-meta/2.1.1/iron-meta-2.1.1.jar:/Users/nikitafilippov/.m2/repository/org/webjars/bowergithub/polymerelements/iron-iconset-svg/2.2.1/iron-iconset-svg-2.2.1.jar:/Users/nikitafilippov/.m2/repository/org/webjars/bowergithub/polymerelements/iron-flex-layout/2.0.3/iron-flex-layout-2.0.3.jar:/Users/nikitafilippov/.m2/repository/com/vaadin/vaadin-cookie-consent-flow/2.0.2/vaadin-cookie-consent-flow-2.0.2.jar:/Users/nikitafilippov/.m2/repository/com/vaadin/webjar/vaadin-cookie-consent/1.1.2/vaadin-cookie-consent-1.1.2.jar:/Users/nikitafilippov/.m2/repository/org/webjars/bowergithub/osano/cookieconsent/3.1.0/cookieconsent-3.1.0.jar:/Users/nikitafilippov/.m2/repository/org/webjars/bowergithub/insites/cookieconsent/3.1.0/cookieconsent-3.1.0.jar:/Users/nikitafilippov/.m2/repository/com/vaadin/vaadin-crud-flow/2.1.3/vaadin-crud-flow-2.1.3.jar:/Users/nikitafilippov/.m2/repository/com/vaadin/webjar/vaadin-crud/1.1.0/vaadin-crud-1.1.0.jar:/Users/nikitafilippov/.m2/repository/org/webjars/bowergithub/polymerelements/iron-media-query/2.1.0/iron-media-query-2.1.0.jar:/Users/nikitafilippov/.m2/repository/org/webjars/bowergithub/vaadin/vaadin-form-layout/2.1.7/vaadin-form-layout-2.1.7.jar:/Users/nikitafilippov/.m2/repository/com/vaadin/vaadin-grid-pro-flow/2.0.4/vaadin-grid-pro-flow-2.0.4.jar:/Users/nikitafilippov/.m2/repository/com/vaadin/webjar/vaadin-grid-pro/2.0.7/vaadin-grid-pro-2.0.7.jar:/Users/nikitafilippov/.m2/repository/org/webjars/bowergithub/vaadin/vaadin-list-box/1.2.0/vaadin-list-box-1.2.0.jar:/Users/nikitafilippov/.m2/repository/org/webjars/bowergithub/vaadin/vaadin-text-field/2.5.5/vaadin-text-field-2.5.5.jar:/Users/nikitafilippov/.m2/repository/org/webjars/bowergithub/vaadin/vaadin-select/2.1.7/vaadin-select-2.1.7.jar:/Users/nikitafilippov/.m2/repository/org/webjars/bowergithub/vaadin/vaadin-item/2.1.1/vaadin-item-2.1.1.jar:/Users/nikitafilippov/.m2/repository/org/webjars/bowergithub/vaadin/vaadin-list-mixin/2.3.1/vaadin-list-mixin-2.3.1.jar:/Users/nikitafilippov/.m2/repository/org/webjars/bowergithub/vaadin/vaadin-checkbox/2.2.13/vaadin-checkbox-2.2.13.jar:/Users/nikitafilippov/.m2/repository/com/vaadin/vaadin-rich-text-editor-flow/2.1.1/vaadin-rich-text-editor-flow-2.1.1.jar:/Users/nikitafilippov/.m2/repository/com/vaadin/webjar/vaadin-rich-text-editor/1.1.1/vaadin-rich-text-editor-1.1.1.jar:/Users/nikitafilippov/.m2/repository/com/vaadin/vaadin-spring-boot-starter/14.2.1/vaadin-spring-boot-starter-14.2.1.jar:/Users/nikitafilippov/.m2/repository/com/vaadin/vaadin-spring/12.2.0/vaadin-spring-12.2.0.jar:/Users/nikitafilippov/.m2/repository/org/springframework/spring-webmvc/5.2.7.RELEASE/spring-webmvc-5.2.7.RELEASE.jar:/Users/nikitafilippov/.m2/repository/org/springframework/spring-aop/5.2.7.RELEASE/spring-aop-5.2.7.RELEASE.jar:/Users/nikitafilippov/.m2/repository/org/springframework/spring-beans/5.2.7.RELEASE/spring-beans-5.2.7.RELEASE.jar:/Users/nikitafilippov/.m2/repository/org/springframework/spring-context/5.2.7.RELEASE/spring-context-5.2.7.RELEASE.jar:/Users/nikitafilippov/.m2/repository/org/springframework/spring-core/5.2.7.RELEASE/spring-core-5.2.7.RELEASE.jar:/Users/nikitafilippov/.m2/repository/org/springframework/spring-jcl/5.2.7.RELEASE/spring-jcl-5.2.7.RELEASE.jar:/Users/nikitafilippov/.m2/repository/org/springframework/spring-expression/5.2.7.RELEASE/spring-expression-5.2.7.RELEASE.jar:/Users/nikitafilippov/.m2/repository/org/springframework/spring-websocket/5.2.7.RELEASE/spring-websocket-5.2.7.RELEASE.jar:/Users/nikitafilippov/.m2/repository/org/springframework/boot/spring-boot-starter-web/2.3.1.RELEASE/spring-boot-starter-web-2.3.1.RELEASE.jar:/Users/nikitafilippov/.m2/repository/org/springframework/boot/spring-boot-starter/2.3.1.RELEASE/spring-boot-starter-2.3.1.RELEASE.jar:/Users/nikitafilippov/.m2/repository/org/springframework/boot/spring-boot/2.3.1.RELEASE/spring-boot-2.3.1.RELEASE.jar:/Users/nikitafilippov/.m2/repository/org/springframework/boot/spring-boot-autoconfigure/2.3.1.RELEASE/spring-boot-autoconfigure-2.3.1.RELEASE.jar:/Users/nikitafilippov/.m2/repository/org/springframework/boot/spring-boot-starter-logging/2.3.1.RELEASE/spring-boot-starter-logging-2.3.1.RELEASE.jar:/Users/nikitafilippov/.m2/repository/ch/qos/logback/logback-classic/1.2.3/logback-classic-1.2.3.jar:/Users/nikitafilippov/.m2/repository/ch/qos/logback/logback-core/1.2.3/logback-core-1.2.3.jar:/Users/nikitafilippov/.m2/repository/org/apache/logging/log4j/log4j-to-slf4j/2.13.3/log4j-to-slf4j-2.13.3.jar:/Users/nikitafilippov/.m2/repository/org/apache/logging/log4j/log4j-api/2.13.3/log4j-api-2.13.3.jar:/Users/nikitafilippov/.m2/repository/org/slf4j/jul-to-slf4j/1.7.30/jul-to-slf4j-1.7.30.jar:/Users/nikitafilippov/.m2/repository/jakarta/annotation/jakarta.annotation-api/1.3.5/jakarta.annotation-api-1.3.5.jar:/Users/nikitafilippov/.m2/repository/org/yaml/snakeyaml/1.26/snakeyaml-1.26.jar:/Users/nikitafilippov/.m2/repository/org/springframework/boot/spring-boot-starter-json/2.3.1.RELEASE/spring-boot-starter-json-2.3.1.RELEASE.jar:/Users/nikitafilippov/.m2/repository/com/fasterxml/jackson/datatype/jackson-datatype-jdk8/2.11.0/jackson-datatype-jdk8-2.11.0.jar:/Users/nikitafilippov/.m2/repository/com/fasterxml/jackson/datatype/jackson-datatype-jsr310/2.11.0/jackson-datatype-jsr310-2.11.0.jar:/Users/nikitafilippov/.m2/repository/com/fasterxml/jackson/module/jackson-module-parameter-names/2.11.0/jackson-module-parameter-names-2.11.0.jar:/Users/nikitafilippov/.m2/repository/org/springframework/boot/spring-boot-starter-tomcat/2.3.1.RELEASE/spring-boot-starter-tomcat-2.3.1.RELEASE.jar:/Users/nikitafilippov/.m2/repository/org/apache/tomcat/embed/tomcat-embed-core/9.0.36/tomcat-embed-core-9.0.36.jar:/Users/nikitafilippov/.m2/repository/org/glassfish/jakarta.el/3.0.3/jakarta.el-3.0.3.jar:/Users/nikitafilippov/.m2/repository/org/apache/tomcat/embed/tomcat-embed-websocket/9.0.36/tomcat-embed-websocket-9.0.36.jar:/Users/nikitafilippov/.m2/repository/org/springframework/spring-web/5.2.7.RELEASE/spring-web-5.2.7.RELEASE.jar:/Users/nikitafilippov/.m2/repository/com/itextpdf/itextpdf/5.5.10/itextpdf-5.5.10.jar:/Users/nikitafilippov/.m2/repository/com/itextpdf/tool/xmlworker/5.5.10/xmlworker-5.5.10.jar:/Users/nikitafilippov/.m2/repository/junit/junit/4.12/junit-4.12.jar:/Users/nikitafilippov/.m2/repository/org/hamcrest/hamcrest-core/2.2/hamcrest-core-2.2.jar:/Users/nikitafilippov/.m2/repository/org/hamcrest/hamcrest/2.2/hamcrest-2.2.jar:/Users/nikitafilippov/.m2/repository/com/vaadin/flow-server-production-mode/2.2.1/flow-server-production-mode-2.2.1.jar:"/>
    <property name="sun.cpu.endian" value="little"/>
    <property name="user.home" value="/Users/nikitafilippov"/>
    <property name="user.language" value="en"/>
    <property name="java.specification.vendor" value="Oracle Corporation"/>
    <property name="java.version.date" value="2020-04-14"/>
    <property name="java.home" value="/Library/Java/JavaVirtualMachines/jdk-14.0.1.jdk/Contents/Home"/>
    <property name="file.separator" value="/"/>
    <property name="basedir" value="/Users/nikitafilippov/Projects/MorseCode"/>
    <property name="java.vm.compressedOopsMode" value="Zero based"/>
    <property name="line.separator" value="&#10;"/>
    <property name="java.specification.name" value="Java Platform API Specification"/>
    <property name="java.vm.specification.vendor" value="Oracle Corporation"/>
    <property name="surefire.real.class.path" value="/Users/nikitafilippov/Projects/MorseCode/target/surefire/surefirebooter1516142272406207391.jar"/>
    <property name="sun.management.compiler" value="HotSpot 64-Bit Tiered Compilers"/>
    <property name="ftp.nonProxyHosts" value="local|*.local|169.254/16|*.169.254/16"/>
    <property name="java.runtime.version" value="14.0.1+7"/>
    <property name="user.name" value="nikitafilippov"/>
    <property name="path.separator" value=":"/>
    <property name="os.version" value="10.16"/>
    <property name="java.runtime.name" value="Java(TM) SE Runtime Environment"/>
    <property name="file.encoding" value="UTF-8"/>
    <property name="java.vm.name" value="Java HotSpot(TM) 64-Bit Server VM"/>
    <property name="localRepository" value="/Users/nikitafilippov/.m2/repository"/>
    <property name="java.vendor.url.bug" value="https://bugreport.java.com/bugreport/"/>
    <property name="java.io.tmpdir" value="/var/folders/pc/5vjrz2sx1t7bcfm5y1l8pmjc0000gn/T/"/>
    <property name="idea.version" value="2020.3.2"/>
    <property name="java.version" value="14.0.1"/>
    <property name="user.dir" value="/Users/nikitafilippov/Projects/MorseCode"/>
    <property name="os.arch" value="x86_64"/>
    <property name="java.vm.specification.name" value="Java Virtual Machine Specification"/>
    <property name="java.library.path" value="/Users/nikitafilippov/Library/Java/Extensions:/Library/Java/Extensions:/Network/Library/Java/Extensions:/System/Library/Java/Extensions:/usr/lib/java:."/>
    <property name="java.vm.info" value="mixed mode, sharing"/>
    <property name="java.vendor" value="Oracle Corporation"/>
    <property name="java.vm.version" value="14.0.1+7"/>
    <property name="sun.io.unicode.encoding" value="UnicodeBig"/>
    <property name="socksNonProxyHosts" value="local|*.local|169.254/16|*.169.254/16"/>
    <property name="java.class.version" value="58.0"/>
  </properties>
  <testcase name="converterTestSample" classname="com.credible.tools.MorseCode.backend.MorseCodeApplicationTests" time="0.005"/>
</testsuite>